[2024-08-03 08:44:39,181] [INFO] [akka.event.slf4j.Slf4jLogger] [] [StrimziConsumer-akka.actor.default-dispatcher-6] - Slf4jLogger started {}
[2024-08-03 08:44:39,265] [DEBUG] [akka.event.EventStream] [] [StrimziConsumer-akka.actor.default-dispatcher-6] - logger log1-Slf4jLogger started {akkaAddress=akka://StrimziConsumer, sourceThread=main, akkaSource=EventStream(akka://StrimziConsumer), sourceActorSystem=StrimziConsumer, akkaTimestamp=08:44:39.251UTC}
[2024-08-03 08:44:39,271] [DEBUG] [akka.event.EventStream] [] [StrimziConsumer-akka.actor.default-dispatcher-6] - Default Loggers started {akkaAddress=akka://StrimziConsumer, sourceThread=main, akkaSource=EventStream(akka://StrimziConsumer), sourceActorSystem=StrimziConsumer, akkaTimestamp=08:44:39.262UTC}
[2024-08-03 08:44:39,560] [DEBUG] [akka.serialization.Serialization(akka://StrimziConsumer)] [] [StrimziConsumer-akka.actor.default-dispatcher-6] - Replacing JavaSerializer with DisabledJavaSerializer, due to `akka.actor.allow-java-serialization = off`. {akkaAddress=akka://StrimziConsumer, sourceThread=main, akkaSource=akka.serialization.Serialization(akka://StrimziConsumer), sourceActorSystem=StrimziConsumer, akkaTimestamp=08:44:39.558UTC}
[2024-08-03 08:44:40,303] [DEBUG] [com.snourian.strimzi.consumer.ConsumerClient$] [] [StrimziConsumer-akka.actor.default-dispatcher-6] - Initializing ConsumerClient actor... {akkaAddress=akka://StrimziConsumer, akkaSource=akka://StrimziConsumer/user, sourceActorSystem=StrimziConsumer}
[2024-08-03 08:44:52,994] [DEBUG] [akka.io.TcpListener] [] [StrimziConsumer-akka.actor.default-dispatcher-3] - Successfully bound to /0:0:0:0:0:0:0:0:8558 {akkaAddress=akka://StrimziConsumer, sourceThread=StrimziConsumer-akka.actor.internal-dispatcher-4, akkaSource=akka://StrimziConsumer/system/IO-TCP/selectors/$a/0, sourceActorSystem=StrimziConsumer, akkaTimestamp=08:44:52.993UTC}
[2024-08-03 08:44:53,183] [INFO] [akka.kafka.internal.SingleSourceLogic] [] [StrimziConsumer-akka.actor.default-dispatcher-6] - [d4cf8] Starting. StageActor Actor[akka://StrimziConsumer/system/Materializers/StreamSupervisor-0/$$a#71305146] {akkaAddress=akka://StrimziConsumer, sourceThread=StrimziConsumer-akka.actor.default-dispatcher-9, akkaSource=SingleSourceLogic(akka://StrimziConsumer), sourceActorSystem=StrimziConsumer, akkaTimestamp=08:44:53.179UTC}
[2024-08-03 08:44:53,877] [DEBUG] [akka.io.TcpListener] [] [StrimziConsumer-akka.actor.default-dispatcher-9] - New connection accepted {akkaAddress=akka://StrimziConsumer, sourceThread=StrimziConsumer-akka.actor.internal-dispatcher-4, akkaSource=akka://StrimziConsumer/system/IO-TCP/selectors/$a/0, sourceActorSystem=StrimziConsumer, akkaTimestamp=08:44:53.877UTC}
[2024-08-03 08:44:55,154] [WARN] [org.apache.kafka.clients.ClientUtils] [] [StrimziConsumer-akka.kafka.default-dispatcher-10] - Couldn't resolve server my-cluster-kafka-bootstrap.kafka:9092 from bootstrap.servers as DNS resolution failed for my-cluster-kafka-bootstrap.kafka {}
[2024-08-03 08:44:55,165] [WARN] [com.snourian.strimzi.consumer.ConsumerClient$] [] [StrimziConsumer-akka.actor.default-dispatcher-3] - Consumer stopped Failure(org.apache.kafka.common.KafkaException: Failed to construct kafka consumer) {akkaAddress=akka://StrimziConsumer, akkaSource=akka://StrimziConsumer/user, sourceActorSystem=StrimziConsumer}
[2024-08-03 08:44:55,309] [ERROR] [akka.actor.OneForOneStrategy] [] [StrimziConsumer-akka.actor.default-dispatcher-8] - Failed to construct kafka consumer {akkaAddress=akka://StrimziConsumer, sourceThread=StrimziConsumer-akka.actor.internal-dispatcher-2, akkaSource=akka://StrimziConsumer/system/kafka-consumer-1, sourceActorSystem=StrimziConsumer, akkaTimestamp=08:44:55.192UTC}
akka.actor.ActorInitializationException: akka://StrimziConsumer/system/kafka-consumer-1: exception during creation
	at akka.actor.ActorInitializationException$.apply(Actor.scala:196)
	at akka.actor.ActorCell.create(ActorCell.scala:661)
	at akka.actor.ActorCell.invokeAll$1(ActorCell.scala:513)
	at akka.actor.ActorCell.systemInvoke(ActorCell.scala:535)
	at akka.dispatch.Mailbox.processAllSystemMessages(Mailbox.scala:295)
	at akka.dispatch.Mailbox.run(Mailbox.scala:230)
	at java.base/java.util.concurrent.ThreadPoolExecutor.runWorker(Unknown Source)
	at java.base/java.util.concurrent.ThreadPoolExecutor$Worker.run(Unknown Source)
	at java.base/java.lang.Thread.run(Unknown Source)
Caused by: org.apache.kafka.common.KafkaException: Failed to construct kafka consumer
	at org.apache.kafka.clients.consumer.KafkaConsumer.<init>(KafkaConsumer.java:820)
	at org.apache.kafka.clients.consumer.KafkaConsumer.<init>(KafkaConsumer.java:631)
	at akka.kafka.ConsumerSettings$.createKafkaConsumer(ConsumerSettings.scala:237)
	at akka.kafka.ConsumerSettings$.$anonfun$apply$3(ConsumerSettings.scala:111)
	at akka.kafka.internal.KafkaConsumerActor.akka$kafka$internal$KafkaConsumerActor$$applySettings(KafkaConsumerActor.scala:460)
	at akka.kafka.internal.KafkaConsumerActor.preStart(KafkaConsumerActor.scala:437)
	at akka.actor.Actor.aroundPreStart(Actor.scala:548)
	at akka.actor.Actor.aroundPreStart$(Actor.scala:548)
	at akka.kafka.internal.KafkaConsumerActor.aroundPreStart(KafkaConsumerActor.scala:213)
	at akka.actor.ActorCell.create(ActorCell.scala:641)
	... 7 common frames omitted
Caused by: org.apache.kafka.common.config.ConfigException: No resolvable bootstrap urls given in bootstrap.servers
	at org.apache.kafka.clients.ClientUtils.parseAndValidateAddresses(ClientUtils.java:88)
	at org.apache.kafka.clients.ClientUtils.parseAndValidateAddresses(ClientUtils.java:47)
	at org.apache.kafka.clients.consumer.KafkaConsumer.<init>(KafkaConsumer.java:735)
	... 16 common frames omitted
[2024-08-03 08:44:55,334] [INFO] [akka.actor.RepointableActorRef] [akkaDeadLetter] [StrimziConsumer-akka.actor.default-dispatcher-6] - Message [akka.kafka.internal.KafkaConsumerActor$Internal$Subscribe] from Actor[akka://StrimziConsumer/system/Materializers/StreamSupervisor-0/$$a#71305146] to Actor[akka://StrimziConsumer/system/kafka-consumer-1#-1853668946] was not delivered. [1] dead letters encountered. If this is not an expected behavior then Actor[akka://StrimziConsumer/system/kafka-consumer-1#-1853668946] may have terminated unexpectedly. This logging can be turned off or adjusted with configuration settings 'akka.log-dead-letters' and 'akka.log-dead-letters-during-shutdown'. {akkaAddress=akka://StrimziConsumer, sourceThread=StrimziConsumer-akka.actor.default-dispatcher-6, akkaSource=akka://StrimziConsumer/system/kafka-consumer-1, sourceActorSystem=StrimziConsumer, akkaMessageClass=akka.kafka.internal.KafkaConsumerActor$Internal$Subscribe, akkaTimestamp=08:44:55.322UTC}
[2024-08-03 08:44:55,343] [INFO] [akka.actor.RepointableActorRef] [akkaDeadLetter] [StrimziConsumer-akka.actor.default-dispatcher-6] - Message [akka.kafka.internal.KafkaConsumerActor$Internal$StopFromStage] from Actor[akka://StrimziConsumer/system/Materializers/StreamSupervisor-0/$$a#71305146] to Actor[akka://StrimziConsumer/system/kafka-consumer-1#-1853668946] was not delivered. [2] dead letters encountered. If this is not an expected behavior then Actor[akka://StrimziConsumer/system/kafka-consumer-1#-1853668946] may have terminated unexpectedly. This logging can be turned off or adjusted with configuration settings 'akka.log-dead-letters' and 'akka.log-dead-letters-during-shutdown'. {akkaAddress=akka://StrimziConsumer, sourceThread=StrimziConsumer-akka.actor.default-dispatcher-6, akkaSource=akka://StrimziConsumer/system/kafka-consumer-1, sourceActorSystem=StrimziConsumer, akkaMessageClass=akka.kafka.internal.KafkaConsumerActor$Internal$StopFromStage, akkaTimestamp=08:44:55.323UTC}
[2024-08-03 08:44:55,459] [DEBUG] [akka.actor.CoordinatedShutdown] [] [StrimziConsumer-akka.actor.default-dispatcher-6] - Running CoordinatedShutdown with reason [ActorSystemTerminateReason] {akkaAddress=akka://StrimziConsumer, sourceThread=StrimziConsumer-akka.actor.default-dispatcher-3, akkaSource=CoordinatedShutdown(akka://StrimziConsumer), sourceActorSystem=StrimziConsumer, akkaTimestamp=08:44:55.424UTC}
[2024-08-03 08:44:55,462] [DEBUG] [akka.actor.CoordinatedShutdown] [] [StrimziConsumer-akka.actor.default-dispatcher-6] - Performing phase [before-service-unbind] with [0] tasks {akkaAddress=akka://StrimziConsumer, sourceThread=StrimziConsumer-akka.actor.default-dispatcher-3, akkaSource=CoordinatedShutdown(akka://StrimziConsumer), sourceActorSystem=StrimziConsumer, akkaTimestamp=08:44:55.429UTC}
[2024-08-03 08:44:55,473] [DEBUG] [akka.actor.CoordinatedShutdown] [] [StrimziConsumer-akka.actor.default-dispatcher-6] - Performing phase [service-unbind] with [0] tasks {akkaAddress=akka://StrimziConsumer, sourceThread=StrimziConsumer-akka.actor.internal-dispatcher-2, akkaSource=CoordinatedShutdown(akka://StrimziConsumer), sourceActorSystem=StrimziConsumer, akkaTimestamp=08:44:55.432UTC}
[2024-08-03 08:44:55,474] [DEBUG] [akka.actor.CoordinatedShutdown] [] [StrimziConsumer-akka.actor.default-dispatcher-6] - Performing phase [service-requests-done] with [0] tasks {akkaAddress=akka://StrimziConsumer, sourceThread=StrimziConsumer-akka.actor.internal-dispatcher-2, akkaSource=CoordinatedShutdown(akka://StrimziConsumer), sourceActorSystem=StrimziConsumer, akkaTimestamp=08:44:55.433UTC}
[2024-08-03 08:44:55,501] [DEBUG] [akka.actor.CoordinatedShutdown] [] [StrimziConsumer-akka.actor.default-dispatcher-6] - Performing phase [service-stop] with [0] tasks {akkaAddress=akka://StrimziConsumer, sourceThread=StrimziConsumer-akka.actor.internal-dispatcher-2, akkaSource=CoordinatedShutdown(akka://StrimziConsumer), sourceActorSystem=StrimziConsumer, akkaTimestamp=08:44:55.433UTC}
[2024-08-03 08:44:55,504] [DEBUG] [akka.actor.CoordinatedShutdown] [] [StrimziConsumer-akka.actor.default-dispatcher-3] - Performing phase [before-cluster-shutdown] with [0] tasks {akkaAddress=akka://StrimziConsumer, sourceThread=StrimziConsumer-akka.actor.internal-dispatcher-2, akkaSource=CoordinatedShutdown(akka://StrimziConsumer), sourceActorSystem=StrimziConsumer, akkaTimestamp=08:44:55.433UTC}
[2024-08-03 08:44:55,504] [DEBUG] [akka.actor.CoordinatedShutdown] [] [StrimziConsumer-akka.actor.default-dispatcher-3] - Performing phase [cluster-sharding-shutdown-region] with [0] tasks {akkaAddress=akka://StrimziConsumer, sourceThread=StrimziConsumer-akka.actor.internal-dispatcher-2, akkaSource=CoordinatedShutdown(akka://StrimziConsumer), sourceActorSystem=StrimziConsumer, akkaTimestamp=08:44:55.433UTC}
[2024-08-03 08:44:55,504] [DEBUG] [akka.actor.CoordinatedShutdown] [] [StrimziConsumer-akka.actor.default-dispatcher-3] - Performing phase [cluster-leave] with [0] tasks {akkaAddress=akka://StrimziConsumer, sourceThread=StrimziConsumer-akka.actor.internal-dispatcher-2, akkaSource=CoordinatedShutdown(akka://StrimziConsumer), sourceActorSystem=StrimziConsumer, akkaTimestamp=08:44:55.433UTC}
[2024-08-03 08:44:55,504] [DEBUG] [akka.actor.CoordinatedShutdown] [] [StrimziConsumer-akka.actor.default-dispatcher-3] - Performing phase [cluster-exiting] with [0] tasks {akkaAddress=akka://StrimziConsumer, sourceThread=StrimziConsumer-akka.actor.internal-dispatcher-2, akkaSource=CoordinatedShutdown(akka://StrimziConsumer), sourceActorSystem=StrimziConsumer, akkaTimestamp=08:44:55.433UTC}
[2024-08-03 08:44:55,505] [DEBUG] [akka.actor.CoordinatedShutdown] [] [StrimziConsumer-akka.actor.default-dispatcher-3] - Performing phase [cluster-exiting-done] with [0] tasks {akkaAddress=akka://StrimziConsumer, sourceThread=StrimziConsumer-akka.actor.internal-dispatcher-2, akkaSource=CoordinatedShutdown(akka://StrimziConsumer), sourceActorSystem=StrimziConsumer, akkaTimestamp=08:44:55.433UTC}
[2024-08-03 08:44:55,505] [DEBUG] [akka.actor.CoordinatedShutdown] [] [StrimziConsumer-akka.actor.default-dispatcher-3] - Performing phase [cluster-shutdown] with [0] tasks {akkaAddress=akka://StrimziConsumer, sourceThread=StrimziConsumer-akka.actor.internal-dispatcher-2, akkaSource=CoordinatedShutdown(akka://StrimziConsumer), sourceActorSystem=StrimziConsumer, akkaTimestamp=08:44:55.434UTC}
[2024-08-03 08:44:55,505] [DEBUG] [akka.actor.CoordinatedShutdown] [] [StrimziConsumer-akka.actor.default-dispatcher-3] - Performing phase [before-actor-system-terminate] with [0] tasks {akkaAddress=akka://StrimziConsumer, sourceThread=StrimziConsumer-akka.actor.internal-dispatcher-2, akkaSource=CoordinatedShutdown(akka://StrimziConsumer), sourceActorSystem=StrimziConsumer, akkaTimestamp=08:44:55.434UTC}
[2024-08-03 08:44:55,505] [DEBUG] [akka.actor.CoordinatedShutdown] [] [StrimziConsumer-akka.actor.default-dispatcher-3] - Performing phase [actor-system-terminate] with [1] tasks. {akkaAddress=akka://StrimziConsumer, sourceThread=StrimziConsumer-akka.actor.internal-dispatcher-2, akkaSource=CoordinatedShutdown(akka://StrimziConsumer), sourceActorSystem=StrimziConsumer, akkaTimestamp=08:44:55.434UTC}
[2024-08-03 08:44:55,505] [DEBUG] [akka.actor.CoordinatedShutdown] [] [StrimziConsumer-akka.actor.default-dispatcher-3] - Performing task [terminate-system] in CoordinatedShutdown phase [actor-system-terminate] {akkaAddress=akka://StrimziConsumer, sourceThread=StrimziConsumer-akka.actor.internal-dispatcher-2, akkaSource=CoordinatedShutdown(akka://StrimziConsumer), sourceActorSystem=StrimziConsumer, akkaTimestamp=08:44:55.445UTC}
[2024-08-03 08:44:55,511] [DEBUG] [akka.event.EventStream] [] [StrimziConsumer-akka.actor.default-dispatcher-6] - shutting down: StandardOutLogger {akkaAddress=akka://StrimziConsumer, sourceThread=StrimziConsumer-akka.actor.internal-dispatcher-2, akkaSource=EventStream, sourceActorSystem=StrimziConsumer, akkaTimestamp=08:44:55.510UTC}
